<?xml version="1.0" encoding="UTF-8"?>
<testsuite xmlns:xsi="http://www.w3.org/2001/XMLSchema-instance" xsi:noNamespaceSchemaLocation="https://maven.apache.org/surefire/maven-surefire-plugin/xsd/surefire-test-report-3.0.xsd" version="3.0" name="com.psbc.TransformerTest" time="0.31" tests="1" errors="0" skipped="0" failures="0">
  <properties>
[...]
</properties>
  <testcase name="testInsertToDb" classname="com.psbc.TransformerTest" time="0.307">
    <system-out><![CDATA[2025-05-06 16:44:39 [kafka-coordinator-heartbeat-thread | test-group] INFO  o.a.k.c.c.i.SubscriptionState - [Consumer clientId=consumer-test-group-1, groupId=test-group] Resetting offset for partition test-topic-0 to position FetchPosition{offset=10, offsetEpoch=Optional.empty, currentLeader=LeaderAndEpoch{leader=Optional[192.168.100.6:9092 (id: 1001 rack: null)], epoch=0}}.
2025-05-06 16:44:39 [main] INFO  com.psbc.DatabaseService - Database connection initialized successfully.
2025-05-06 16:44:39 [main] INFO  com.psbc.DatabaseService - PreparedStatement initialized with SQL: INSERT INTO default.events_test (trace_id, trace_segment_id, service, service_instance, is_size_limited, span_id, parent_span_id, start_time, end_time, operation_name, peer, span_type, span_layer, component_id, is_error, skip_analysis, refs_ref_type, refs_trace_id, refs_parent_trace_segment_id, refs_parent_span_id, refs_parent_service, refs_parent_service_instance, refs_parent_endpoint, refs_network_address_used_at_peer, tag_status_code, log_stack, tag_Available_Memory, tag_http_status_code, tag_http_url, tag_Processor_Name, log_forward_url, tag_http_method, tag_Total_Memory, log_event, log_message, tag_url, log_error_kind) VALUES (?, ?, ?, ?, ?, ?, ?, ?, ?, ?, ?, ?, ?, ?, ?, ?, ?, ?, ?, ?, ?, ?, ?, ?, ?, ?, ?, ?, ?, ?, ?, ?, ?, ?, ?, ?, ?)
2025-05-06 16:44:39 [main] INFO  com.psbc.DatabaseService - PreparedStatement initialized with SQL: INSERT INTO default.events_test (trace_id, trace_segment_id, service, service_instance, is_size_limited, span_id, parent_span_id, start_time, end_time, operation_name, peer, span_type, span_layer, component_id, is_error, skip_analysis, refs_ref_type, refs_trace_id, refs_parent_trace_segment_id, refs_parent_span_id, refs_parent_service, refs_parent_service_instance, refs_parent_endpoint, refs_network_address_used_at_peer, tag_status_code, log_stack, tag_Available_Memory, tag_http_status_code, tag_http_url, tag_Processor_Name, log_forward_url, tag_http_method, tag_Total_Memory, log_event, log_message, tag_url, log_error_kind) VALUES (?, ?, ?, ?, ?, ?, ?, ?, ?, ?, ?, ?, ?, ?, ?, ?, ?, ?, ?, ?, ?, ?, ?, ?, ?, ?, ?, ?, ?, ?, ?, ?, ?, ?, ?, ?, ?)
2025-05-06 16:44:39 [main] INFO  com.psbc.TransformerService - Inserted 1 spans into events table.
All values match successfully!
]]></system-out>
  </testcase>
</testsuite>