<?xml version="1.0" encoding="UTF-8"?>
<testsuite xmlns:xsi="http://www.w3.org/2001/XMLSchema-instance" xsi:noNamespaceSchemaLocation="https://maven.apache.org/surefire/maven-surefire-plugin/xsd/surefire-test-report-3.0.xsd" version="3.0" name="com.psbc.KafkaServiceTest" time="1.007" tests="1" errors="0" skipped="0" failures="0">
  <properties>
[...]
</properties>
  <testcase name="testConsumeMessages" classname="com.psbc.KafkaServiceTest" time="0.992">
    <system-out><![CDATA[2025-05-06 16:44:38 [main] INFO  o.a.k.c.consumer.ConsumerConfig - ConsumerConfig values: 
	allow.auto.create.topics = true
	auto.commit.interval.ms = 5000
	auto.include.jmx.reporter = true
	auto.offset.reset = earliest
	bootstrap.servers = [localhost:9092]
	check.crcs = true
	client.dns.lookup = use_all_dns_ips
	client.id = consumer-test-group-1
	client.rack = 
	connections.max.idle.ms = 540000
	default.api.timeout.ms = 60000
	enable.auto.commit = true
	exclude.internal.topics = true
	fetch.max.bytes = 52428800
	fetch.max.wait.ms = 500
	fetch.min.bytes = 1
	group.id = test-group
	group.instance.id = null
	heartbeat.interval.ms = 3000
	interceptor.classes = []
	internal.leave.group.on.close = true
	internal.throw.on.fetch.stable.offset.unsupported = false
	isolation.level = read_uncommitted
	key.deserializer = class org.apache.kafka.common.serialization.StringDeserializer
	max.partition.fetch.bytes = 1048576
	max.poll.interval.ms = 300000
	max.poll.records = 500
	metadata.max.age.ms = 300000
	metric.reporters = []
	metrics.num.samples = 2
	metrics.recording.level = INFO
	metrics.sample.window.ms = 30000
	partition.assignment.strategy = [class org.apache.kafka.clients.consumer.RangeAssignor, class org.apache.kafka.clients.consumer.CooperativeStickyAssignor]
	receive.buffer.bytes = 65536
	reconnect.backoff.max.ms = 1000
	reconnect.backoff.ms = 50
	request.timeout.ms = 30000
	retry.backoff.ms = 100
	sasl.client.callback.handler.class = null
	sasl.jaas.config = null
	sasl.kerberos.kinit.cmd = /usr/bin/kinit
	sasl.kerberos.min.time.before.relogin = 60000
	sasl.kerberos.service.name = null
	sasl.kerberos.ticket.renew.jitter = 0.05
	sasl.kerberos.ticket.renew.window.factor = 0.8
	sasl.login.callback.handler.class = null
	sasl.login.class = null
	sasl.login.connect.timeout.ms = null
	sasl.login.read.timeout.ms = null
	sasl.login.refresh.buffer.seconds = 300
	sasl.login.refresh.min.period.seconds = 60
	sasl.login.refresh.window.factor = 0.8
	sasl.login.refresh.window.jitter = 0.05
	sasl.login.retry.backoff.max.ms = 10000
	sasl.login.retry.backoff.ms = 100
	sasl.mechanism = GSSAPI
	sasl.oauthbearer.clock.skew.seconds = 30
	sasl.oauthbearer.expected.audience = null
	sasl.oauthbearer.expected.issuer = null
	sasl.oauthbearer.jwks.endpoint.refresh.ms = 3600000
	sasl.oauthbearer.jwks.endpoint.retry.backoff.max.ms = 10000
	sasl.oauthbearer.jwks.endpoint.retry.backoff.ms = 100
	sasl.oauthbearer.jwks.endpoint.url = null
	sasl.oauthbearer.scope.claim.name = scope
	sasl.oauthbearer.sub.claim.name = sub
	sasl.oauthbearer.token.endpoint.url = null
	security.protocol = PLAINTEXT
	security.providers = null
	send.buffer.bytes = 131072
	session.timeout.ms = 45000
	socket.connection.setup.timeout.max.ms = 30000
	socket.connection.setup.timeout.ms = 10000
	ssl.cipher.suites = null
	ssl.enabled.protocols = [TLSv1.2, TLSv1.3]
	ssl.endpoint.identification.algorithm = https
	ssl.engine.factory.class = null
	ssl.key.password = null
	ssl.keymanager.algorithm = SunX509
	ssl.keystore.certificate.chain = null
	ssl.keystore.key = null
	ssl.keystore.location = null
	ssl.keystore.password = null
	ssl.keystore.type = JKS
	ssl.protocol = TLSv1.3
	ssl.provider = null
	ssl.secure.random.implementation = null
	ssl.trustmanager.algorithm = PKIX
	ssl.truststore.certificates = null
	ssl.truststore.location = null
	ssl.truststore.password = null
	ssl.truststore.type = JKS
	value.deserializer = class org.apache.kafka.common.serialization.ByteArrayDeserializer

2025-05-06 16:44:38 [main] INFO  o.a.kafka.common.utils.AppInfoParser - Kafka version: 3.5.1
2025-05-06 16:44:38 [main] INFO  o.a.kafka.common.utils.AppInfoParser - Kafka commitId: 2c6fb6c54472e90a
2025-05-06 16:44:38 [main] INFO  o.a.kafka.common.utils.AppInfoParser - Kafka startTimeMs: 1746521078761
2025-05-06 16:44:38 [main] INFO  o.a.k.clients.consumer.KafkaConsumer - [Consumer clientId=consumer-test-group-1, groupId=test-group] Subscribed to topic(s): test-topic
2025-05-06 16:44:39 [main] INFO  org.apache.kafka.clients.Metadata - [Consumer clientId=consumer-test-group-1, groupId=test-group] Cluster ID: xTFh3XyATQS70Rsf7A4Exg
2025-05-06 16:44:39 [main] INFO  o.a.k.c.c.i.ConsumerCoordinator - [Consumer clientId=consumer-test-group-1, groupId=test-group] Discovered group coordinator 192.168.100.6:9092 (id: 2147482646 rack: null)
2025-05-06 16:44:39 [main] INFO  o.a.k.c.c.i.ConsumerCoordinator - [Consumer clientId=consumer-test-group-1, groupId=test-group] (Re-)joining group
2025-05-06 16:44:39 [main] INFO  o.a.k.c.c.i.ConsumerCoordinator - [Consumer clientId=consumer-test-group-1, groupId=test-group] Request joining group due to: need to re-join with the given member-id: consumer-test-group-1-5012acf8-4cf2-4caf-9481-7601c2cc196b
2025-05-06 16:44:39 [main] INFO  o.a.k.c.c.i.ConsumerCoordinator - [Consumer clientId=consumer-test-group-1, groupId=test-group] Request joining group due to: rebalance failed due to 'The group member needs to have a valid member id before actually entering a consumer group.' (MemberIdRequiredException)
2025-05-06 16:44:39 [main] INFO  o.a.k.c.c.i.ConsumerCoordinator - [Consumer clientId=consumer-test-group-1, groupId=test-group] (Re-)joining group
2025-05-06 16:44:39 [main] INFO  o.a.k.c.c.i.ConsumerCoordinator - [Consumer clientId=consumer-test-group-1, groupId=test-group] Successfully joined group with generation Generation{generationId=1, memberId='consumer-test-group-1-5012acf8-4cf2-4caf-9481-7601c2cc196b', protocol='range'}
2025-05-06 16:44:39 [main] INFO  o.a.k.c.c.i.ConsumerCoordinator - [Consumer clientId=consumer-test-group-1, groupId=test-group] Finished assignment for group at generation 1: {consumer-test-group-1-5012acf8-4cf2-4caf-9481-7601c2cc196b=Assignment(partitions=[test-topic-0])}
2025-05-06 16:44:39 [main] INFO  o.a.k.c.c.i.ConsumerCoordinator - [Consumer clientId=consumer-test-group-1, groupId=test-group] Successfully synced group in generation Generation{generationId=1, memberId='consumer-test-group-1-5012acf8-4cf2-4caf-9481-7601c2cc196b', protocol='range'}
2025-05-06 16:44:39 [main] INFO  o.a.k.c.c.i.ConsumerCoordinator - [Consumer clientId=consumer-test-group-1, groupId=test-group] Notifying assignor about the new Assignment(partitions=[test-topic-0])
2025-05-06 16:44:39 [main] INFO  o.a.k.c.c.i.ConsumerCoordinator - [Consumer clientId=consumer-test-group-1, groupId=test-group] Adding newly assigned partitions: test-topic-0
2025-05-06 16:44:39 [main] INFO  o.a.k.c.c.i.ConsumerCoordinator - [Consumer clientId=consumer-test-group-1, groupId=test-group] Found no committed offset for partition test-topic-0
]]></system-out>
  </testcase>
</testsuite>